<?xml version="1.0" encoding="UTF-8"?>
<!-- Generated by org.testng.reporters.JUnitReportReporter -->
<testsuite hostname="LAPTOP-I7C0VFGJ" failures="0" tests="1" name="Testcases.ValidLogin" time="3.073" errors="0" timestamp="2023-07-03T19:04:43 IST" skipped="0">
  <testcase classname="Testcases.ValidLogin" name="validdatalogin" time="3.073"/>
  <system-out/>
</testsuite> <!-- Testcases.ValidLogin -->
